# JRE version: Java(TM) SE Runtime Environment (8.0_221-b11) (build 1.8.0_221-b11)
# Java VM: Java HotSpot(TM) 64-Bit Server VM (25.221-b11 mixed mode windows-amd64 compressed oops)
Heap:
 PSYoungGen      total 113664K, used 59266K [0x000000076b100000, 0x0000000772a00000, 0x00000007c0000000)
  eden space 103424K, 57% used [0x000000076b100000,0x000000076eae09d8,0x0000000771600000)
  from space 10240K, 0% used [0x0000000771600000,0x0000000771600000,0x0000000772000000)
  to   space 9728K, 0% used [0x0000000772080000,0x0000000772080000,0x0000000772a00000)
 ParOldGen       total 96256K, used 14922K [0x00000006c1200000, 0x00000006c7000000, 0x000000076b100000)
  object space 96256K, 15% used [0x00000006c1200000,0x00000006c2092ac8,0x00000006c7000000)
 Metaspace       used 36365K, capacity 38774K, committed 38912K, reserved 1083392K
  class space    used 4904K, capacity 5353K, committed 5376K, reserved 1048576K
GC Heap History (10 events):
Event: 2.386 GC heap before
{Heap before GC invocations=5 (full 1):
 PSYoungGen      total 76288K, used 65508K [0x000000076b100000, 0x0000000770600000, 0x00000007c0000000)
  eden space 65536K, 99% used [0x000000076b100000,0x000000076f0f9078,0x000000076f100000)
  from space 10752K, 0% used [0x000000076f100000,0x000000076f100000,0x000000076fb80000)
  to   space 10752K, 0% used [0x000000076fb80000,0x000000076fb80000,0x0000000770600000)
 ParOldGen       total 96256K, used 6463K [0x00000006c1200000, 0x00000006c7000000, 0x000000076b100000)
  object space 96256K, 6% used [0x00000006c1200000,0x00000006c184fd70,0x00000006c7000000)
 Metaspace       used 22313K, capacity 23852K, committed 24192K, reserved 1071104K
  class space    used 3063K, capacity 3356K, committed 3456K, reserved 1048576K
Event: 2.389 GC heap after
Heap after GC invocations=5 (full 1):
 PSYoungGen      total 76288K, used 4239K [0x000000076b100000, 0x0000000772c80000, 0x00000007c0000000)
  eden space 65536K, 0% used [0x000000076b100000,0x000000076b100000,0x000000076f100000)
  from space 10752K, 39% used [0x000000076fb80000,0x000000076ffa3d68,0x0000000770600000)
  to   space 10752K, 0% used [0x000000076f100000,0x000000076f100000,0x000000076fb80000)
 ParOldGen       total 96256K, used 6463K [0x00000006c1200000, 0x00000006c7000000, 0x000000076b100000)
  object space 96256K, 6% used [0x00000006c1200000,0x00000006c184fd70,0x00000006c7000000)
 Metaspace       used 22313K, capacity 23852K, committed 24192K, reserved 1071104K
  class space    used 3063K, capacity 3356K, committed 3456K, reserved 1048576K
}
Event: 2.571 GC heap before
{Heap before GC invocations=6 (full 1):
 PSYoungGen      total 76288K, used 69775K [0x000000076b100000, 0x0000000772c80000, 0x00000007c0000000)
  eden space 65536K, 100% used [0x000000076b100000,0x000000076f100000,0x000000076f100000)
  from space 10752K, 39% used [0x000000076fb80000,0x000000076ffa3d68,0x0000000770600000)
  to   space 10752K, 0% used [0x000000076f100000,0x000000076f100000,0x000000076fb80000)
 ParOldGen       total 96256K, used 6463K [0x00000006c1200000, 0x00000006c7000000, 0x000000076b100000)
  object space 96256K, 6% used [0x00000006c1200000,0x00000006c184fd70,0x00000006c7000000)
 Metaspace       used 25323K, capacity 26938K, committed 27264K, reserved 1073152K
  class space    used 3368K, capacity 3691K, committed 3712K, reserved 1048576K
Event: 2.574 GC heap after
Heap after GC invocations=6 (full 1):
 PSYoungGen      total 76288K, used 6158K [0x000000076b100000, 0x0000000772a00000, 0x00000007c0000000)
  eden space 65536K, 0% used [0x000000076b100000,0x000000076b100000,0x000000076f100000)
  from space 10752K, 57% used [0x000000076f100000,0x000000076f703ae8,0x000000076fb80000)
  to   space 9728K, 0% used [0x0000000772080000,0x0000000772080000,0x0000000772a00000)
 ParOldGen       total 96256K, used 6471K [0x00000006c1200000, 0x00000006c7000000, 0x000000076b100000)
  object space 96256K, 6% used [0x00000006c1200000,0x00000006c1851d70,0x00000006c7000000)
 Metaspace       used 25323K, capacity 26938K, committed 27264K, reserved 1073152K
  class space    used 3368K, capacity 3691K, committed 3712K, reserved 1048576K
}
Event: 3.151 GC heap before
{Heap before GC invocations=7 (full 1):
 PSYoungGen      total 76288K, used 71694K [0x000000076b100000, 0x0000000772a00000, 0x00000007c0000000)
  eden space 65536K, 100% used [0x000000076b100000,0x000000076f100000,0x000000076f100000)
  from space 10752K, 57% used [0x000000076f100000,0x000000076f703ae8,0x000000076fb80000)
  to   space 9728K, 0% used [0x0000000772080000,0x0000000772080000,0x0000000772a00000)
 ParOldGen       total 96256K, used 6471K [0x00000006c1200000, 0x00000006c7000000, 0x000000076b100000)
  object space 96256K, 6% used [0x00000006c1200000,0x00000006c1851d70,0x00000006c7000000)
 Metaspace       used 28740K, capacity 30588K, committed 30720K, reserved 1075200K
  class space    used 3863K, capacity 4234K, committed 4352K, reserved 1048576K
Event: 3.159 GC heap after
Heap after GC invocations=7 (full 1):
 PSYoungGen      total 113152K, used 8218K [0x000000076b100000, 0x0000000772a00000, 0x00000007c0000000)
  eden space 103424K, 0% used [0x000000076b100000,0x000000076b100000,0x0000000771600000)
  from space 9728K, 84% used [0x0000000772080000,0x0000000772886a98,0x0000000772a00000)
  to   space 10240K, 0% used [0x0000000771600000,0x0000000771600000,0x0000000772000000)
 ParOldGen       total 96256K, used 6479K [0x00000006c1200000, 0x00000006c7000000, 0x000000076b100000)
  object space 96256K, 6% used [0x00000006c1200000,0x00000006c1853d70,0x00000006c7000000)
 Metaspace       used 28740K, capacity 30588K, committed 30720K, reserved 1075200K
  class space    used 3863K, capacity 4234K, committed 4352K, reserved 1048576K
}
Event: 4.090 GC heap before
{Heap before GC invocations=8 (full 1):
 PSYoungGen      total 113152K, used 89077K [0x000000076b100000, 0x0000000772a00000, 0x00000007c0000000)
  eden space 103424K, 78% used [0x000000076b100000,0x000000076fff6cb0,0x0000000771600000)
  from space 9728K, 84% used [0x0000000772080000,0x0000000772886a98,0x0000000772a00000)
  to   space 10240K, 0% used [0x0000000771600000,0x0000000771600000,0x0000000772000000)
 ParOldGen       total 96256K, used 6479K [0x00000006c1200000, 0x00000006c7000000, 0x000000076b100000)
  object space 96256K, 6% used [0x00000006c1200000,0x00000006c1853d70,0x00000006c7000000)
 Metaspace       used 33082K, capacity 35320K, committed 35456K, reserved 1079296K
  class space    used 4477K, capacity 4890K, committed 4992K, reserved 1048576K
Event: 4.100 GC heap after
Heap after GC invocations=8 (full 1):
 PSYoungGen      total 113664K, used 10229K [0x000000076b100000, 0x0000000772a00000, 0x00000007c0000000)
  eden space 103424K, 0% used [0x000000076b100000,0x000000076b100000,0x0000000771600000)
  from space 10240K, 99% used [0x0000000771600000,0x0000000771ffd600,0x0000000772000000)
  to   space 9728K, 0% used [0x0000000772080000,0x0000000772080000,0x0000000772a00000)
 ParOldGen       total 96256K, used 6487K [0x00000006c1200000, 0x00000006c7000000, 0x000000076b100000)
  object space 96256K, 6% used [0x00000006c1200000,0x00000006c1855d70,0x00000006c7000000)
 Metaspace       used 33082K, capacity 35320K, committed 35456K, reserved 1079296K
  class space    used 4477K, capacity 4890K, committed 4992K, reserved 1048576K
}
Event: 4.100 GC heap before
{Heap before GC invocations=9 (full 2):
 PSYoungGen      total 113664K, used 10229K [0x000000076b100000, 0x0000000772a00000, 0x00000007c0000000)
  eden space 103424K, 0% used [0x000000076b100000,0x000000076b100000,0x0000000771600000)
  from space 10240K, 99% used [0x0000000771600000,0x0000000771ffd600,0x0000000772000000)
  to   space 9728K, 0% used [0x0000000772080000,0x0000000772080000,0x0000000772a00000)
 ParOldGen       total 96256K, used 6487K [0x00000006c1200000, 0x00000006c7000000, 0x000000076b100000)
  object space 96256K, 6% used [0x00000006c1200000,0x00000006c1855d70,0x00000006c7000000)
 Metaspace       used 33082K, capacity 35320K, committed 35456K, reserved 1079296K
  class space    used 4477K, capacity 4890K, committed 4992K, reserved 1048576K
Event: 4.143 GC heap after
Heap after GC invocations=9 (full 2):
 PSYoungGen      total 113664K, used 0K [0x000000076b100000, 0x0000000772a00000, 0x00000007c0000000)
  eden space 103424K, 0% used [0x000000076b100000,0x000000076b100000,0x0000000771600000)
  from space 10240K, 0% used [0x0000000771600000,0x0000000771600000,0x0000000772000000)
  to   space 9728K, 0% used [0x0000000772080000,0x0000000772080000,0x0000000772a00000)
 ParOldGen       total 96256K, used 14922K [0x00000006c1200000, 0x00000006c7000000, 0x000000076b100000)
  object space 96256K, 15% used [0x00000006c1200000,0x00000006c2092ac8,0x00000006c7000000)
 Metaspace       used 33082K, capacity 35320K, committed 35456K, reserved 1079296K
  class space    used 4477K, capacity 4890K, committed 4992K, reserved 1048576K
}

