# JRE version: Java(TM) SE Runtime Environment (8.0_221-b11) (build 1.8.0_221-b11)
# Java VM: Java HotSpot(TM) 64-Bit Server VM (25.221-b11 mixed mode windows-amd64 compressed oops)
Heap:
 PSYoungGen      total 279040K, used 23438K [0x000000076b100000, 0x0000000786c00000, 0x00000007c0000000)
  eden space 262144K, 2% used [0x000000076b100000,0x000000076b7671c0,0x000000077b100000)
  from space 16896K, 99% used [0x000000077b100000,0x000000077c17c6b8,0x000000077c180000)
  to   space 23040K, 0% used [0x0000000785580000,0x0000000785580000,0x0000000786c00000)
 ParOldGen       total 115712K, used 27020K [0x00000006c1200000, 0x00000006c8300000, 0x000000076b100000)
  object space 115712K, 23% used [0x00000006c1200000,0x00000006c2c632b0,0x00000006c8300000)
 Metaspace       used 26286K, capacity 26900K, committed 27056K, reserved 1073152K
  class space    used 2969K, capacity 3172K, committed 3248K, reserved 1048576K
GC Heap History (10 events):
Event: 3.943 GC heap before
{Heap before GC invocations=4 (full 0):
 PSYoungGen      total 76288K, used 76256K [0x000000076b100000, 0x0000000774600000, 0x00000007c0000000)
  eden space 65536K, 100% used [0x000000076b100000,0x000000076f100000,0x000000076f100000)
  from space 10752K, 99% used [0x000000076f100000,0x000000076fb78020,0x000000076fb80000)
  to   space 10752K, 0% used [0x0000000773b80000,0x0000000773b80000,0x0000000774600000)
 ParOldGen       total 175104K, used 2317K [0x00000006c1200000, 0x00000006cbd00000, 0x000000076b100000)
  object space 175104K, 1% used [0x00000006c1200000,0x00000006c14435b8,0x00000006cbd00000)
 Metaspace       used 16598K, capacity 17070K, committed 17280K, reserved 1064960K
  class space    used 1933K, capacity 2054K, committed 2176K, reserved 1048576K
Event: 3.962 GC heap after
Heap after GC invocations=4 (full 0):
 PSYoungGen      total 141824K, used 10736K [0x000000076b100000, 0x0000000774600000, 0x00000007c0000000)
  eden space 131072K, 0% used [0x000000076b100000,0x000000076b100000,0x0000000773100000)
  from space 10752K, 99% used [0x0000000773b80000,0x00000007745fc050,0x0000000774600000)
  to   space 10752K, 0% used [0x0000000773100000,0x0000000773100000,0x0000000773b80000)
 ParOldGen       total 175104K, used 4942K [0x00000006c1200000, 0x00000006cbd00000, 0x000000076b100000)
  object space 175104K, 2% used [0x00000006c1200000,0x00000006c16d3bf8,0x00000006cbd00000)
 Metaspace       used 16598K, capacity 17070K, committed 17280K, reserved 1064960K
  class space    used 1933K, capacity 2054K, committed 2176K, reserved 1048576K
}
Event: 5.335 GC heap before
{Heap before GC invocations=5 (full 0):
 PSYoungGen      total 141824K, used 141808K [0x000000076b100000, 0x0000000774600000, 0x00000007c0000000)
  eden space 131072K, 100% used [0x000000076b100000,0x0000000773100000,0x0000000773100000)
  from space 10752K, 99% used [0x0000000773b80000,0x00000007745fc050,0x0000000774600000)
  to   space 10752K, 0% used [0x0000000773100000,0x0000000773100000,0x0000000773b80000)
 ParOldGen       total 175104K, used 4942K [0x00000006c1200000, 0x00000006cbd00000, 0x000000076b100000)
  object space 175104K, 2% used [0x00000006c1200000,0x00000006c16d3bf8,0x00000006cbd00000)
 Metaspace       used 18230K, capacity 18814K, committed 18944K, reserved 1067008K
  class space    used 2080K, capacity 2232K, committed 2304K, reserved 1048576K
Event: 5.349 GC heap after
Heap after GC invocations=5 (full 0):
 PSYoungGen      total 141824K, used 10736K [0x000000076b100000, 0x000000077d300000, 0x00000007c0000000)
  eden space 131072K, 0% used [0x000000076b100000,0x000000076b100000,0x0000000773100000)
  from space 10752K, 99% used [0x0000000773100000,0x0000000773b7c030,0x0000000773b80000)
  to   space 17408K, 0% used [0x000000077c200000,0x000000077c200000,0x000000077d300000)
 ParOldGen       total 175104K, used 9498K [0x00000006c1200000, 0x00000006cbd00000, 0x000000076b100000)
  object space 175104K, 5% used [0x00000006c1200000,0x00000006c1b46888,0x00000006cbd00000)
 Metaspace       used 18230K, capacity 18814K, committed 18944K, reserved 1067008K
  class space    used 2080K, capacity 2232K, committed 2304K, reserved 1048576K
}
Event: 5.548 GC heap before
{Heap before GC invocations=6 (full 0):
 PSYoungGen      total 141824K, used 26487K [0x000000076b100000, 0x000000077d300000, 0x00000007c0000000)
  eden space 131072K, 12% used [0x000000076b100000,0x000000076c061dc0,0x0000000773100000)
  from space 10752K, 99% used [0x0000000773100000,0x0000000773b7c030,0x0000000773b80000)
  to   space 17408K, 0% used [0x000000077c200000,0x000000077c200000,0x000000077d300000)
 ParOldGen       total 175104K, used 9498K [0x00000006c1200000, 0x00000006cbd00000, 0x000000076b100000)
  object space 175104K, 5% used [0x00000006c1200000,0x00000006c1b46888,0x00000006cbd00000)
 Metaspace       used 20611K, capacity 21238K, committed 21296K, reserved 1069056K
  class space    used 2427K, capacity 2592K, committed 2608K, reserved 1048576K
Event: 5.558 GC heap after
Heap after GC invocations=6 (full 0):
 PSYoungGen      total 278528K, used 11679K [0x000000076b100000, 0x000000077d200000, 0x00000007c0000000)
  eden space 262144K, 0% used [0x000000076b100000,0x000000076b100000,0x000000077b100000)
  from space 16384K, 71% used [0x000000077c200000,0x000000077cd67fb0,0x000000077d200000)
  to   space 16896K, 0% used [0x000000077b100000,0x000000077b100000,0x000000077c180000)
 ParOldGen       total 175104K, used 9506K [0x00000006c1200000, 0x00000006cbd00000, 0x000000076b100000)
  object space 175104K, 5% used [0x00000006c1200000,0x00000006c1b48888,0x00000006cbd00000)
 Metaspace       used 20611K, capacity 21238K, committed 21296K, reserved 1069056K
  class space    used 2427K, capacity 2592K, committed 2608K, reserved 1048576K
}
Event: 5.558 GC heap before
{Heap before GC invocations=7 (full 1):
 PSYoungGen      total 278528K, used 11679K [0x000000076b100000, 0x000000077d200000, 0x00000007c0000000)
  eden space 262144K, 0% used [0x000000076b100000,0x000000076b100000,0x000000077b100000)
  from space 16384K, 71% used [0x000000077c200000,0x000000077cd67fb0,0x000000077d200000)
  to   space 16896K, 0% used [0x000000077b100000,0x000000077b100000,0x000000077c180000)
 ParOldGen       total 175104K, used 9506K [0x00000006c1200000, 0x00000006cbd00000, 0x000000076b100000)
  object space 175104K, 5% used [0x00000006c1200000,0x00000006c1b48888,0x00000006cbd00000)
 Metaspace       used 20611K, capacity 21238K, committed 21296K, reserved 1069056K
  class space    used 2427K, capacity 2592K, committed 2608K, reserved 1048576K
Event: 5.638 GC heap after
Heap after GC invocations=7 (full 1):
 PSYoungGen      total 278528K, used 0K [0x000000076b100000, 0x000000077d200000, 0x00000007c0000000)
  eden space 262144K, 0% used [0x000000076b100000,0x000000076b100000,0x000000077b100000)
  from space 16384K, 0% used [0x000000077c200000,0x000000077c200000,0x000000077d200000)
  to   space 16896K, 0% used [0x000000077b100000,0x000000077b100000,0x000000077c180000)
 ParOldGen       total 115712K, used 17852K [0x00000006c1200000, 0x00000006c8300000, 0x000000076b100000)
  object space 115712K, 15% used [0x00000006c1200000,0x00000006c236f168,0x00000006c8300000)
 Metaspace       used 20611K, capacity 21238K, committed 21296K, reserved 1069056K
  class space    used 2427K, capacity 2592K, committed 2608K, reserved 1048576K
}
Event: 9.239 GC heap before
{Heap before GC invocations=8 (full 1):
 PSYoungGen      total 278528K, used 262144K [0x000000076b100000, 0x000000077d200000, 0x00000007c0000000)
  eden space 262144K, 100% used [0x000000076b100000,0x000000077b100000,0x000000077b100000)
  from space 16384K, 0% used [0x000000077c200000,0x000000077c200000,0x000000077d200000)
  to   space 16896K, 0% used [0x000000077b100000,0x000000077b100000,0x000000077c180000)
 ParOldGen       total 115712K, used 17852K [0x00000006c1200000, 0x00000006c8300000, 0x000000076b100000)
  object space 115712K, 15% used [0x00000006c1200000,0x00000006c236f168,0x00000006c8300000)
 Metaspace       used 26132K, capacity 26772K, committed 27056K, reserved 1073152K
  class space    used 2952K, capacity 3172K, committed 3248K, reserved 1048576K
Event: 9.269 GC heap after
Heap after GC invocations=8 (full 1):
 PSYoungGen      total 279040K, used 16881K [0x000000076b100000, 0x0000000786c00000, 0x00000007c0000000)
  eden space 262144K, 0% used [0x000000076b100000,0x000000076b100000,0x000000077b100000)
  from space 16896K, 99% used [0x000000077b100000,0x000000077c17c6b8,0x000000077c180000)
  to   space 23040K, 0% used [0x0000000785580000,0x0000000785580000,0x0000000786c00000)
 ParOldGen       total 115712K, used 27020K [0x00000006c1200000, 0x00000006c8300000, 0x000000076b100000)
  object space 115712K, 23% used [0x00000006c1200000,0x00000006c2c632b0,0x00000006c8300000)
 Metaspace       used 26132K, capacity 26772K, committed 27056K, reserved 1073152K
  class space    used 2952K, capacity 3172K, committed 3248K, reserved 1048576K
}

